<?xml version="1.0" encoding="UTF-8"?>
<testng-results skipped="0" failed="0" ignored="0" total="1" passed="1">
  <reporter-output>
    <line>
      <![CDATA[sai]]>
    </line>
  </reporter-output>
  <suite name="Default suite" duration-ms="390" started-at="2020-08-08T02:59:34 IST" finished-at="2020-08-08T02:59:34 IST">
    <groups>
    </groups>
    <test name="Default test" duration-ms="390" started-at="2020-08-08T02:59:34 IST" finished-at="2020-08-08T02:59:34 IST">
      <class name="com.actitime.timetrack.First">
        <test-method status="PASS" signature="runTest()[pri:0, instance:com.actitime.timetrack.First@1efed156]" name="runTest" duration-ms="46" started-at="2020-08-08T02:59:34 IST" finished-at="2020-08-08T02:59:34 IST">
          <reporter-output>
            <line>
              <![CDATA[sai]]>
            </line>
          </reporter-output>
        </test-method> <!-- runTest -->
      </class> <!-- com.actitime.timetrack.First -->
    </test> <!-- Default test -->
  </suite> <!-- Default suite -->
</testng-results>
